2017-08-29 09:57:04,597 INFO o.a.j.u.JMeterUtils: Setting Locale to en_US
2017-08-29 09:57:04,610 INFO o.a.j.JMeter: Loading user properties from: user.properties
2017-08-29 09:57:04,610 INFO o.a.j.JMeter: Loading system properties from: system.properties
2017-08-29 09:57:04,615 INFO o.a.j.JMeter: Copyright (c) 1998-2017 The Apache Software Foundation
2017-08-29 09:57:04,615 INFO o.a.j.JMeter: Version 3.2 r1790748
2017-08-29 09:57:04,615 INFO o.a.j.JMeter: java.version=1.8.0_144
2017-08-29 09:57:04,616 INFO o.a.j.JMeter: java.vm.name=OpenJDK 64-Bit Server VM
2017-08-29 09:57:04,616 INFO o.a.j.JMeter: os.name=Linux
2017-08-29 09:57:04,616 INFO o.a.j.JMeter: os.arch=amd64
2017-08-29 09:57:04,616 INFO o.a.j.JMeter: os.version=4.12.8-2-ARCH
2017-08-29 09:57:04,616 INFO o.a.j.JMeter: file.encoding=ANSI_X3.4-1968
2017-08-29 09:57:04,616 INFO o.a.j.JMeter: Max memory     =536870912
2017-08-29 09:57:04,616 INFO o.a.j.JMeter: Available Processors =4
2017-08-29 09:57:04,619 INFO o.a.j.JMeter: Default Locale=English (United States)
2017-08-29 09:57:04,619 INFO o.a.j.JMeter: JMeter  Locale=English (United States)
2017-08-29 09:57:04,619 INFO o.a.j.JMeter: JMeterHome=/home/lguitron24/Tec/Septimo Semestre (ITC)/CyPS/Jmeter/apache-jmeter-3.2
2017-08-29 09:57:04,620 INFO o.a.j.JMeter: user.dir  =/home/lguitron24/Tec/Septimo Semestre (ITC)/CyPS/Jmeter/apache-jmeter-3.2/bin
2017-08-29 09:57:04,620 INFO o.a.j.JMeter: PWD       =/home/lguitron24/Tec/Septimo Semestre (ITC)/CyPS/Jmeter/apache-jmeter-3.2/bin
2017-08-29 09:57:04,639 INFO o.a.j.JMeter: IP: 10.49.94.80 Name: Acer-Arch FullName: Acer-Arch
2017-08-29 09:57:04,799 INFO o.a.j.g.a.LookAndFeelCommand: Using look and feel: javax.swing.plaf.metal.MetalLookAndFeel [Metal, CrossPlatform, System]
2017-08-29 09:57:04,802 INFO o.a.j.JMeter: Loaded icon properties from org/apache/jmeter/images/icon.properties
2017-08-29 09:57:05,169 INFO o.a.j.e.u.CompoundVariable: Note: Function class names must contain the string: '.functions.'
2017-08-29 09:57:05,170 INFO o.a.j.e.u.CompoundVariable: Note: Function class names must not contain the string: '.gui.'
2017-08-29 09:57:05,800 INFO o.a.j.g.u.MenuFactory: Skipping org.apache.jmeter.assertions.BSFAssertion
2017-08-29 09:57:06,278 INFO o.a.j.g.u.MenuFactory: Skipping org.apache.jmeter.extractor.BSFPostProcessor
2017-08-29 09:57:06,317 INFO o.a.j.g.u.MenuFactory: Skipping org.apache.jmeter.modifiers.BSFPreProcessor
2017-08-29 09:57:06,346 INFO o.a.j.p.h.s.HTTPSamplerBase: Parser for text/html is org.apache.jmeter.protocol.http.parser.LagartoBasedHtmlParser
2017-08-29 09:57:06,346 INFO o.a.j.p.h.s.HTTPSamplerBase: Parser for application/xhtml+xml is org.apache.jmeter.protocol.http.parser.LagartoBasedHtmlParser
2017-08-29 09:57:06,346 INFO o.a.j.p.h.s.HTTPSamplerBase: Parser for application/xml is org.apache.jmeter.protocol.http.parser.LagartoBasedHtmlParser
2017-08-29 09:57:06,346 INFO o.a.j.p.h.s.HTTPSamplerBase: Parser for text/xml is org.apache.jmeter.protocol.http.parser.LagartoBasedHtmlParser
2017-08-29 09:57:06,347 INFO o.a.j.p.h.s.HTTPSamplerBase: Parser for text/vnd.wap.wml is org.apache.jmeter.protocol.http.parser.RegexpHTMLParser
2017-08-29 09:57:06,347 INFO o.a.j.p.h.s.HTTPSamplerBase: Parser for text/css is org.apache.jmeter.protocol.http.parser.CssParser
2017-08-29 09:57:06,604 INFO o.a.j.e.KeyToolUtils: keytool found at 'keytool'
2017-08-29 09:57:06,605 INFO o.a.j.p.h.p.ProxyControl: HTTP(S) Test Script Recorder SSL Proxy will use keys that support embedded 3rd party resources in file /home/lguitron24/Tec/Septimo Semestre (ITC)/CyPS/Jmeter/apache-jmeter-3.2/bin/proxyserver.jks
2017-08-29 09:57:06,720 INFO o.a.j.g.u.MenuFactory: Skipping org.apache.jmeter.protocol.java.sampler.BSFSampler
2017-08-29 09:57:06,760 INFO o.a.j.s.FileServer: Default base='/home/lguitron24/Tec/Septimo Semestre (ITC)/CyPS/Jmeter/apache-jmeter-3.2/bin'
2017-08-29 09:57:06,832 INFO o.a.j.g.u.MenuFactory: Skipping org.apache.jmeter.protocol.mongodb.config.MongoSourceElement
2017-08-29 09:57:06,832 INFO o.a.j.g.u.MenuFactory: Skipping org.apache.jmeter.protocol.mongodb.sampler.MongoScriptSampler
2017-08-29 09:57:06,918 INFO o.a.j.g.u.MenuFactory: Skipping org.apache.jmeter.timers.BSFTimer
2017-08-29 09:57:06,941 INFO o.a.j.g.u.MenuFactory: Skipping org.apache.jmeter.visualizers.BSFListener
2017-08-29 09:57:07,054 INFO o.a.j.s.SampleResult: Note: Sample TimeStamps are START times
2017-08-29 09:57:07,054 INFO o.a.j.s.SampleResult: sampleresult.default.encoding is set to ISO-8859-1
2017-08-29 09:57:07,054 INFO o.a.j.s.SampleResult: sampleresult.useNanoTime=true
2017-08-29 09:57:07,054 INFO o.a.j.s.SampleResult: sampleresult.nanoThreadSleep=5000
2017-08-29 09:57:07,097 WARN o.a.j.v.ViewResultsFullVisualizer: Error loading result renderer: org.apache.jmeter.visualizers.RenderInBrowser
java.lang.NoClassDefFoundError: javafx/embed/swing/JFXPanel
	at java.lang.Class.forName0(Native Method) ~[?:1.8.0_144]
	at java.lang.Class.forName(Class.java:264) ~[?:1.8.0_144]
	at org.apache.jmeter.visualizers.ViewResultsFullVisualizer.createComboRender(ViewResultsFullVisualizer.java:364) ~[ApacheJMeter_components.jar:3.2 r1790748]
	at org.apache.jmeter.visualizers.ViewResultsFullVisualizer.createLeftPanel(ViewResultsFullVisualizer.java:332) ~[ApacheJMeter_components.jar:3.2 r1790748]
	at org.apache.jmeter.visualizers.ViewResultsFullVisualizer.init(ViewResultsFullVisualizer.java:253) ~[ApacheJMeter_components.jar:3.2 r1790748]
	at org.apache.jmeter.visualizers.ViewResultsFullVisualizer.<init>(ViewResultsFullVisualizer.java:154) ~[ApacheJMeter_components.jar:3.2 r1790748]
	at sun.reflect.NativeConstructorAccessorImpl.newInstance0(Native Method) ~[?:1.8.0_144]
	at sun.reflect.NativeConstructorAccessorImpl.newInstance(NativeConstructorAccessorImpl.java:62) ~[?:1.8.0_144]
	at sun.reflect.DelegatingConstructorAccessorImpl.newInstance(DelegatingConstructorAccessorImpl.java:45) ~[?:1.8.0_144]
	at java.lang.reflect.Constructor.newInstance(Constructor.java:423) ~[?:1.8.0_144]
	at java.lang.Class.newInstance(Class.java:442) ~[?:1.8.0_144]
	at org.apache.jmeter.gui.util.MenuFactory.initializeMenus(MenuFactory.java:505) ~[ApacheJMeter_core.jar:3.2 r1790748]
	at org.apache.jmeter.gui.util.MenuFactory.<clinit>(MenuFactory.java:169) ~[ApacheJMeter_core.jar:3.2 r1790748]
	at org.apache.jmeter.control.gui.WorkBenchGui.createPopupMenu(WorkBenchGui.java:119) ~[ApacheJMeter_core.jar:3.2 r1790748]
	at org.apache.jmeter.gui.tree.JMeterTreeNode.createPopupMenu(JMeterTreeNode.java:156) ~[ApacheJMeter_core.jar:3.2 r1790748]
	at org.apache.jmeter.gui.action.EditCommand.doAction(EditCommand.java:46) ~[ApacheJMeter_core.jar:3.2 r1790748]
	at org.apache.jmeter.gui.action.ActionRouter.performAction(ActionRouter.java:74) ~[ApacheJMeter_core.jar:3.2 r1790748]
	at org.apache.jmeter.gui.action.ActionRouter.lambda$actionPerformed$0(ActionRouter.java:59) ~[ApacheJMeter_core.jar:3.2 r1790748]
	at java.awt.event.InvocationEvent.dispatch(InvocationEvent.java:311) [?:1.8.0_144]
	at java.awt.EventQueue.dispatchEventImpl(EventQueue.java:756) [?:1.8.0_144]
	at java.awt.EventQueue.access$500(EventQueue.java:97) [?:1.8.0_144]
	at java.awt.EventQueue$3.run(EventQueue.java:709) [?:1.8.0_144]
	at java.awt.EventQueue$3.run(EventQueue.java:703) [?:1.8.0_144]
	at java.security.AccessController.doPrivileged(Native Method) ~[?:1.8.0_144]
	at java.security.ProtectionDomain$JavaSecurityAccessImpl.doIntersectionPrivilege(ProtectionDomain.java:80) [?:1.8.0_144]
	at java.awt.EventQueue.dispatchEvent(EventQueue.java:726) [?:1.8.0_144]
	at java.awt.EventDispatchThread.pumpOneEventForFilters(EventDispatchThread.java:201) [?:1.8.0_144]
	at java.awt.EventDispatchThread.pumpEventsForFilter(EventDispatchThread.java:116) [?:1.8.0_144]
	at java.awt.EventDispatchThread.pumpEventsForHierarchy(EventDispatchThread.java:105) [?:1.8.0_144]
	at java.awt.EventDispatchThread.pumpEvents(EventDispatchThread.java:101) [?:1.8.0_144]
	at java.awt.EventDispatchThread.pumpEvents(EventDispatchThread.java:93) [?:1.8.0_144]
	at java.awt.EventDispatchThread.run(EventDispatchThread.java:82) [?:1.8.0_144]
Caused by: java.lang.ClassNotFoundException: javafx.embed.swing.JFXPanel
	at java.net.URLClassLoader.findClass(URLClassLoader.java:381) ~[?:1.8.0_144]
	at java.lang.ClassLoader.loadClass(ClassLoader.java:424) ~[?:1.8.0_144]
	at java.lang.ClassLoader.loadClass(ClassLoader.java:357) ~[?:1.8.0_144]
	... 32 more
2017-08-29 09:57:17,388 INFO o.a.j.g.a.Load: Loading file: /home/lguitron24/Tec/Septimo Semestre (ITC)/CyPS/Jmeter/JDBC_1.jmx
2017-08-29 09:57:17,388 INFO o.a.j.s.FileServer: Set new base='/home/lguitron24/Tec/Septimo Semestre (ITC)/CyPS/Jmeter'
2017-08-29 09:57:17,507 INFO o.a.j.s.SaveService: Testplan (JMX) version: 2.2. Testlog (JTL) version: 2.2
2017-08-29 09:57:17,522 INFO o.a.j.s.SaveService: Using SaveService properties file encoding UTF-8
2017-08-29 09:57:17,524 INFO o.a.j.s.SaveService: Using SaveService properties version 3.2
2017-08-29 09:57:17,527 INFO o.a.j.s.SaveService: Loading file: /home/lguitron24/Tec/Septimo Semestre (ITC)/CyPS/Jmeter/JDBC_1.jmx
2017-08-29 09:57:17,591 WARN o.a.j.v.ViewResultsFullVisualizer: Error loading result renderer: org.apache.jmeter.visualizers.RenderInBrowser
java.lang.NoClassDefFoundError: javafx/embed/swing/JFXPanel
	at java.lang.Class.forName0(Native Method) ~[?:1.8.0_144]
	at java.lang.Class.forName(Class.java:264) ~[?:1.8.0_144]
	at org.apache.jmeter.visualizers.ViewResultsFullVisualizer.createComboRender(ViewResultsFullVisualizer.java:364) ~[ApacheJMeter_components.jar:3.2 r1790748]
	at org.apache.jmeter.visualizers.ViewResultsFullVisualizer.createLeftPanel(ViewResultsFullVisualizer.java:332) ~[ApacheJMeter_components.jar:3.2 r1790748]
	at org.apache.jmeter.visualizers.ViewResultsFullVisualizer.init(ViewResultsFullVisualizer.java:253) ~[ApacheJMeter_components.jar:3.2 r1790748]
	at org.apache.jmeter.visualizers.ViewResultsFullVisualizer.<init>(ViewResultsFullVisualizer.java:154) ~[ApacheJMeter_components.jar:3.2 r1790748]
	at sun.reflect.NativeConstructorAccessorImpl.newInstance0(Native Method) ~[?:1.8.0_144]
	at sun.reflect.NativeConstructorAccessorImpl.newInstance(NativeConstructorAccessorImpl.java:62) ~[?:1.8.0_144]
	at sun.reflect.DelegatingConstructorAccessorImpl.newInstance(DelegatingConstructorAccessorImpl.java:45) ~[?:1.8.0_144]
	at java.lang.reflect.Constructor.newInstance(Constructor.java:423) ~[?:1.8.0_144]
	at java.lang.Class.newInstance(Class.java:442) ~[?:1.8.0_144]
	at org.apache.jmeter.gui.GuiPackage.getGuiFromCache(GuiPackage.java:399) ~[ApacheJMeter_core.jar:3.2 r1790748]
	at org.apache.jmeter.gui.GuiPackage.getGui(GuiPackage.java:245) ~[ApacheJMeter_core.jar:3.2 r1790748]
	at org.apache.jmeter.gui.GuiPackage.getGui(GuiPackage.java:216) ~[ApacheJMeter_core.jar:3.2 r1790748]
	at org.apache.jmeter.gui.tree.JMeterTreeModel.addComponent(JMeterTreeModel.java:145) ~[ApacheJMeter_core.jar:3.2 r1790748]
	at org.apache.jmeter.gui.tree.JMeterTreeModel.addSubTree(JMeterTreeModel.java:121) ~[ApacheJMeter_core.jar:3.2 r1790748]
	at org.apache.jmeter.gui.tree.JMeterTreeModel.addSubTree(JMeterTreeModel.java:121) ~[ApacheJMeter_core.jar:3.2 r1790748]
	at org.apache.jmeter.gui.tree.JMeterTreeModel.addSubTree(JMeterTreeModel.java:113) ~[ApacheJMeter_core.jar:3.2 r1790748]
	at org.apache.jmeter.gui.GuiPackage.addSubTree(GuiPackage.java:517) ~[ApacheJMeter_core.jar:3.2 r1790748]
	at org.apache.jmeter.gui.action.Load.insertLoadedTree(Load.java:194) ~[ApacheJMeter_core.jar:3.2 r1790748]
	at org.apache.jmeter.gui.action.Load.loadProjectFile(Load.java:131) ~[ApacheJMeter_core.jar:3.2 r1790748]
	at org.apache.jmeter.gui.action.Load.loadProjectFile(Load.java:102) ~[ApacheJMeter_core.jar:3.2 r1790748]
	at org.apache.jmeter.gui.action.Load.doActionAfterCheck(Load.java:89) ~[ApacheJMeter_core.jar:3.2 r1790748]
	at org.apache.jmeter.gui.action.AbstractActionWithNoRunningTest.doAction(AbstractActionWithNoRunningTest.java:45) ~[ApacheJMeter_core.jar:3.2 r1790748]
	at org.apache.jmeter.gui.action.ActionRouter.performAction(ActionRouter.java:74) ~[ApacheJMeter_core.jar:3.2 r1790748]
	at org.apache.jmeter.gui.action.ActionRouter.lambda$actionPerformed$0(ActionRouter.java:59) ~[ApacheJMeter_core.jar:3.2 r1790748]
	at java.awt.event.InvocationEvent.dispatch(InvocationEvent.java:311) [?:1.8.0_144]
	at java.awt.EventQueue.dispatchEventImpl(EventQueue.java:756) [?:1.8.0_144]
	at java.awt.EventQueue.access$500(EventQueue.java:97) [?:1.8.0_144]
	at java.awt.EventQueue$3.run(EventQueue.java:709) [?:1.8.0_144]
	at java.awt.EventQueue$3.run(EventQueue.java:703) [?:1.8.0_144]
	at java.security.AccessController.doPrivileged(Native Method) ~[?:1.8.0_144]
	at java.security.ProtectionDomain$JavaSecurityAccessImpl.doIntersectionPrivilege(ProtectionDomain.java:80) [?:1.8.0_144]
	at java.awt.EventQueue.dispatchEvent(EventQueue.java:726) [?:1.8.0_144]
	at java.awt.EventDispatchThread.pumpOneEventForFilters(EventDispatchThread.java:201) [?:1.8.0_144]
	at java.awt.EventDispatchThread.pumpEventsForFilter(EventDispatchThread.java:116) [?:1.8.0_144]
	at java.awt.EventDispatchThread.pumpEventsForHierarchy(EventDispatchThread.java:105) [?:1.8.0_144]
	at java.awt.EventDispatchThread.pumpEvents(EventDispatchThread.java:101) [?:1.8.0_144]
	at java.awt.EventDispatchThread.pumpEvents(EventDispatchThread.java:93) [?:1.8.0_144]
	at java.awt.EventDispatchThread.run(EventDispatchThread.java:82) [?:1.8.0_144]
Caused by: java.lang.ClassNotFoundException: javafx.embed.swing.JFXPanel
	at java.net.URLClassLoader.findClass(URLClassLoader.java:381) ~[?:1.8.0_144]
	at java.lang.ClassLoader.loadClass(ClassLoader.java:424) ~[?:1.8.0_144]
	at java.lang.ClassLoader.loadClass(ClassLoader.java:357) ~[?:1.8.0_144]
	... 40 more
2017-08-29 09:57:17,656 INFO o.a.j.s.FileServer: Set new base='/home/lguitron24/Tec/Septimo Semestre (ITC)/CyPS/Jmeter'
2017-08-29 09:57:22,769 INFO o.a.j.e.StandardJMeterEngine: Running the test!
2017-08-29 09:57:22,772 INFO o.a.j.s.SampleEvent: List of sample_variables: []
2017-08-29 09:57:22,772 INFO o.a.j.s.SampleEvent: List of sample_variables: []
2017-08-29 09:57:22,806 INFO o.a.j.g.u.JMeterMenuBar: setRunning(true, *local*)
2017-08-29 09:57:22,914 INFO o.a.j.e.StandardJMeterEngine: Starting ThreadGroup: 1 : Thread Group
2017-08-29 09:57:22,914 INFO o.a.j.e.StandardJMeterEngine: Starting 1 threads for group Thread Group.
2017-08-29 09:57:22,914 INFO o.a.j.e.StandardJMeterEngine: Thread will continue on error
2017-08-29 09:57:22,915 INFO o.a.j.t.ThreadGroup: Starting thread group... number=1 threads=1 ramp-up=1 perThread=1000.0 delayedStart=false
2017-08-29 09:57:22,917 INFO o.a.j.t.ThreadGroup: Started thread group number 1
2017-08-29 09:57:22,917 INFO o.a.j.e.StandardJMeterEngine: All thread groups have been started
2017-08-29 09:57:22,919 INFO o.a.j.t.JMeterThread: Thread started: Thread Group 1-1
2017-08-29 09:57:23,192 INFO o.a.j.t.JMeterThread: Thread is done: Thread Group 1-1
2017-08-29 09:57:23,193 INFO o.a.j.t.JMeterThread: Thread finished: Thread Group 1-1
2017-08-29 09:57:23,193 INFO o.a.j.e.StandardJMeterEngine: Notifying test listeners of end of test
2017-08-29 09:57:23,196 INFO o.a.j.g.u.JMeterMenuBar: setRunning(false, *local*)
